2026-04-08_16:33:47 - INFO - [THREAD-135273319339712] [10_80_100_14_cisco_asr9006] Pipeline started at 2026-04-08 16:33:47.058699
2026-04-08_16:33:47 - INFO - [10_80_100_14_cisco_asr9006] Connecting to 10.80.100.14
2026-04-08_16:33:47 - INFO - Connecting to 10.80.100.14 using Netmiko...
2026-04-08_16:33:58 - INFO - Login successful to 10.80.100.14
2026-04-08_16:33:58 - INFO - [10_80_100_14_cisco_asr9006] Connected successfully to 10.80.100.14
2026-04-08_16:33:58 - INFO - [10_80_100_14_cisco_asr9006] Connected to 10.80.100.14
2026-04-08_16:33:58 - INFO - [10_80_100_14_cisco_asr9006] ── PHASE 1 PRE-CHECKS starting
2026-04-08_16:33:58 - INFO - models: [{'asr9k': ['asr9901', 'asr9006']}, {'ncs': ['ncs5501']}, {'junos': ['mx204', 'mx240']}] and type: <class 'list'>
2026-04-08_16:33:58 - INFO - [THREAD-135273319339712] [10_80_100_14_cisco_asr9006] Prechecks started at 2026-04-08 16:33:58.381772
2026-04-08_16:33:58 - INFO - [10_80_100_14_cisco_asr9006] : Validating the device input file
2026-04-08_16:33:58 - INFO - [10_80_100_14_cisco_asr9006] : Dictionary input validated successfully 
2026-04-08_16:33:58 - INFO - [10_80_100_14_cisco_asr9006] Executing show commands
2026-04-08_16:33:58 - INFO - [load_commands] Loaded 22 commands for 'cisco_asr9006'
2026-04-08_16:33:58 - INFO - [10_80_100_14_cisco_asr9006] collect_outputs — 22 command(s), check_type=pre
2026-04-08_16:33:58 - INFO - [10_80_100_14_cisco_asr9006] Sending: 'show install active summary'
2026-04-08_16:34:00 - INFO - [10_80_100_14_cisco_asr9006] 'show install active summary' collected=True (719 chars)
2026-04-08_16:34:00 - INFO - [10_80_100_14_cisco_asr9006] Sending: 'show isis adjacency'
2026-04-08_16:34:00 - INFO - [10_80_100_14_cisco_asr9006] 'show isis adjacency' collected=True (1257 chars)
2026-04-08_16:34:00 - INFO - [10_80_100_14_cisco_asr9006] Sending: 'show bfd session'
2026-04-08_16:34:01 - INFO - [10_80_100_14_cisco_asr9006] 'show bfd session' collected=True (1045 chars)
2026-04-08_16:34:01 - INFO - [10_80_100_14_cisco_asr9006] Sending: 'show route summary'
2026-04-08_16:34:02 - INFO - [10_80_100_14_cisco_asr9006] 'show route summary' collected=True (1126 chars)
2026-04-08_16:34:02 - INFO - [10_80_100_14_cisco_asr9006] Sending: 'show bgp all all summary'
2026-04-08_16:34:03 - INFO - [10_80_100_14_cisco_asr9006] 'show bgp all all summary' collected=True (14364 chars)
2026-04-08_16:34:03 - INFO - [10_80_100_14_cisco_asr9006] Sending: 'show bgp vrf all summary'
2026-04-08_16:34:11 - INFO - [10_80_100_14_cisco_asr9006] 'show bgp vrf all summary' collected=True (651037 chars)
2026-04-08_16:34:11 - INFO - [10_80_100_14_cisco_asr9006] Sending: 'show ipv4 vrf all interface brief'
2026-04-08_16:34:12 - INFO - [10_80_100_14_cisco_asr9006] 'show ipv4 vrf all interface brief' collected=True (98001 chars)
2026-04-08_16:34:12 - INFO - [10_80_100_14_cisco_asr9006] Sending: 'show mpls ldp neighbor'
2026-04-08_16:34:13 - INFO - [10_80_100_14_cisco_asr9006] 'show mpls ldp neighbor' collected=True (816 chars)
2026-04-08_16:34:13 - INFO - [10_80_100_14_cisco_asr9006] Sending: 'show pim neighbor'
2026-04-08_16:34:13 - INFO - [10_80_100_14_cisco_asr9006] 'show pim neighbor' collected=True (1011 chars)
2026-04-08_16:34:13 - INFO - [10_80_100_14_cisco_asr9006] Sending: 'show pfm location all'
2026-04-08_16:34:14 - INFO - [10_80_100_14_cisco_asr9006] 'show pfm location all' collected=True (1631 chars)
2026-04-08_16:34:14 - INFO - [10_80_100_14_cisco_asr9006] Sending: 'show processes cpu'
2026-04-08_16:34:15 - INFO - [10_80_100_14_cisco_asr9006] 'show processes cpu' collected=True (20661 chars)
2026-04-08_16:34:15 - INFO - [10_80_100_14_cisco_asr9006] Sending: 'show watchdog memory-state location all'
2026-04-08_16:34:15 - INFO - [10_80_100_14_cisco_asr9006] 'show watchdog memory-state location all' collected=True (415 chars)
2026-04-08_16:34:15 - INFO - [10_80_100_14_cisco_asr9006] Sending: 'show redundancy'
2026-04-08_16:34:16 - INFO - [10_80_100_14_cisco_asr9006] 'show redundancy' collected=True (495 chars)
2026-04-08_16:34:16 - INFO - [10_80_100_14_cisco_asr9006] Sending: 'show interface description'
2026-04-08_16:34:18 - INFO - [10_80_100_14_cisco_asr9006] 'show interface description' collected=True (51312 chars)
2026-04-08_16:34:18 - INFO - [10_80_100_14_cisco_asr9006] Sending: 'show filesystem'
2026-04-08_16:34:19 - INFO - [10_80_100_14_cisco_asr9006] 'show filesystem' collected=True (518 chars)
2026-04-08_16:34:19 - INFO - [10_80_100_14_cisco_asr9006] Sending: 'show msdp peer'
2026-04-08_16:34:19 - INFO - [10_80_100_14_cisco_asr9006] 'show msdp peer' collected=True (6463 chars)
2026-04-08_16:34:19 - INFO - [10_80_100_14_cisco_asr9006] Sending: 'show l2vpn xconnect brief'
2026-04-08_16:34:20 - INFO - [10_80_100_14_cisco_asr9006] 'show l2vpn xconnect brief' collected=True (697 chars)
2026-04-08_16:34:20 - INFO - [10_80_100_14_cisco_asr9006] Sending: 'show hw-module fpd'
2026-04-08_16:34:20 - INFO - [10_80_100_14_cisco_asr9006] 'show hw-module fpd' collected=True (4878 chars)
2026-04-08_16:34:20 - INFO - [10_80_100_14_cisco_asr9006] Sending: 'show platform'
2026-04-08_16:34:21 - INFO - [10_80_100_14_cisco_asr9006] 'show platform' collected=True (570 chars)
2026-04-08_16:34:21 - INFO - [10_80_100_14_cisco_asr9006] Sending: 'show media'
2026-04-08_16:34:22 - INFO - [10_80_100_14_cisco_asr9006] 'show media' collected=True (730 chars)
2026-04-08_16:34:22 - INFO - [10_80_100_14_cisco_asr9006] Sending: 'sh version'
2026-04-08_16:34:22 - INFO - [10_80_100_14_cisco_asr9006] 'sh version' collected=True (414 chars)
2026-04-08_16:34:22 - INFO - [10_80_100_14_cisco_asr9006] Sending: 'show interfaces'
2026-04-08_16:34:33 - ERROR - [10_80_100_14_cisco_asr9006] 'show interfaces' send_command raised:
Traceback (most recent call last):
  File "/home/colt/Documents/ncs_testing/cisco_testing/lib/utilities.py", line 369, in collect_outputs
    output = conn.send_command(cmd)
             ^^^^^^^^^^^^^^^^^^^^^^
  File "/home/colt/Documents/MS1Automation/venv/lib/python3.12/site-packages/netmiko/base_connection.py", line 111, in wrapper_decorator
    return_val = func(self, *args, **kwargs)
                 ^^^^^^^^^^^^^^^^^^^^^^^^^^^
  File "/home/colt/Documents/MS1Automation/venv/lib/python3.12/site-packages/netmiko/utilities.py", line 667, in wrapper_decorator
    return func(self, *args, **kwargs)
           ^^^^^^^^^^^^^^^^^^^^^^^^^^^
  File "/home/colt/Documents/MS1Automation/venv/lib/python3.12/site-packages/netmiko/base_connection.py", line 1841, in send_command
    raise ReadTimeout(msg)
netmiko.exceptions.ReadTimeout: 
Pattern not detected: 'RP/0/RSP0/CPU0:sr6\\.BLB\\#' in output.

Things you might try to fix this:
1. Explicitly set your pattern using the expect_string argument.
2. Increase the read_timeout to a larger value.

You can also look at the Netmiko session_log or debug log for more information.



2026-04-08_16:34:33 - INFO - [10_80_100_14_cisco_asr9006] 'show interfaces' collected=False (0 chars)
2026-04-08_16:34:33 - INFO - [10_80_100_14_cisco_asr9006] collect_outputs done — 22 entries stored
2026-04-08_16:34:33 - ERROR - [10_80_100_14_cisco_asr9006] parser returned empty result 'show msdp peer':
NoneType: None

2026-04-08_16:34:33 - INFO - [10_80_100_14_cisco_asr9006] execute_show_commands OK
2026-04-08_16:34:33 - INFO - [10_80_100_14_cisco_asr9006] get_show_version — phase=pre, sending 'show version'
2026-04-08_16:34:44 - ERROR - [10_80_100_14_cisco_asr9006] get_show_version (phase=pre) failed — 
Pattern not detected: '5\\ minute\\ output\\ rate\\ 0\\ bits/sec,\\ 0\\ p' in output.

Things you might try to fix this:
1. Explicitly set your pattern using the expect_string argument.
2. Increase the read_timeout to a larger value.

You can also look at the Netmiko session_log or debug log for more information.


2026-04-08_16:34:44 - ERROR - [10_80_100_14_cisco_asr9006]  SHOW VERSION failed — get_show_version returned False
2026-04-08_16:34:44 - WARNING - [10_80_100_14_cisco_asr9006]  failed but continuing prechecks
2026-04-08_16:34:44 - INFO - [10.80.100.14] preBackup — vendor: cisco
2026-04-08_16:34:44 - INFO - 10_80_100_14_cisco_asr9006: active RSP :0/RSP0/CPU0
2026-04-08_16:35:00 - INFO - [10_80_100_14_cisco_asr9006] backup config OK
2026-04-08_16:35:00 - INFO - Starting Cisco FPD version verification...
2026-04-08_16:35:00 - INFO - Up-to-date → 0/RSP0 TimingIC-A
2026-04-08_16:35:00 - INFO - Up-to-date → 0/RSP0 Aldrin-0-FPGA
2026-04-08_16:35:00 - INFO - Up-to-date → 0/RSP0 Beta-FPGA
2026-04-08_16:35:00 - INFO - Up-to-date → 0/RSP0 CBC
2026-04-08_16:35:00 - INFO - Up-to-date → 0/RSP0 IPU-DDR4
2026-04-08_16:35:00 - INFO - Up-to-date → 0/RSP0 Orion-FPGA
2026-04-08_16:35:00 - INFO - Up-to-date → 0/RSP0 Primary-BIOS
2026-04-08_16:35:00 - INFO - Up-to-date → 0/RSP0 Sigma
2026-04-08_16:35:00 - INFO - Skipping 0/RSP0 SSDa-MICRON: ATR status N/A
2026-04-08_16:35:00 - INFO - Skipping 0/RSP0 SSDb-MICRON: ATR status N/A
2026-04-08_16:35:00 - INFO - Up-to-date → 0/RSP0 TamFW-Sigma
2026-04-08_16:35:00 - INFO - Up-to-date → 0/RSP0 Zenith-FPGA
2026-04-08_16:35:00 - INFO - Up-to-date → 0/FT0 CBC
2026-04-08_16:35:00 - INFO - Up-to-date → 0/FT1 CBC
2026-04-08_16:35:00 - INFO - Up-to-date → 0/0 CBC
2026-04-08_16:35:00 - INFO - Up-to-date → 0/0 Dalla
2026-04-08_16:35:00 - INFO - Up-to-date → 0/0 IPU-FPGA
2026-04-08_16:35:00 - INFO - Up-to-date → 0/0 IPU-FSBL
2026-04-08_16:35:00 - INFO - Up-to-date → 0/0 IPU-Linux
2026-04-08_16:35:00 - INFO - Up-to-date → 0/0 Meldun-0
2026-04-08_16:35:00 - INFO - Up-to-date → 0/0 Meldun-1
2026-04-08_16:35:00 - INFO - Up-to-date → 0/0 Primary-BIOS
2026-04-08_16:35:00 - INFO - Skipping 0/0 SSDa-SMART: ATR status N/A
2026-04-08_16:35:00 - INFO - Up-to-date → 0/2 TimingIC-A
2026-04-08_16:35:00 - INFO - Up-to-date → 0/2 TimingIC-B
2026-04-08_16:35:00 - INFO - Up-to-date → 0/2 Aldrin-FPGA
2026-04-08_16:35:00 - INFO - Up-to-date → 0/2 CBC
2026-04-08_16:35:00 - INFO - Up-to-date → 0/2 IPU-DDR4
2026-04-08_16:35:00 - INFO - Up-to-date → 0/2 Primary-BIOS
2026-04-08_16:35:00 - INFO - Skipping 0/2 SSDa-INTEL: ATR status N/A
2026-04-08_16:35:00 - INFO - Up-to-date → 0/2 Sunstreaker
2026-04-08_16:35:00 - INFO - Up-to-date → 0/2 TAMFW-Sunstreaker
2026-04-08_16:35:00 - INFO - Up-to-date → 0/2 Trailbreaker-0
2026-04-08_16:35:00 - INFO - Up-to-date → 0/2 Trailbreaker-1
2026-04-08_16:35:00 - INFO - Up-to-date → 0/2 Windcharger-0
2026-04-08_16:35:00 - INFO - Up-to-date → 0/2 Windcharger-1
2026-04-08_16:35:00 - INFO - Up-to-date → 0/BPID0 CBC
2026-04-08_16:35:00 - INFO - Skipping 0/PT0 PM0-EM-PriMCU: ATR status N/A
2026-04-08_16:35:00 - INFO - Up-to-date → 0/PT0 PM0-EM-Sec54vMCU
2026-04-08_16:35:00 - INFO - Up-to-date → 0/PT0 PM0-EM-Sec5vMCU
2026-04-08_16:35:00 - INFO - Skipping 0/PT0 PM1-EM-PriMCU: ATR status N/A
2026-04-08_16:35:00 - INFO - Up-to-date → 0/PT0 PM1-EM-Sec54vMCU
2026-04-08_16:35:00 - INFO - Up-to-date → 0/PT0 PM1-EM-Sec5vMCU
2026-04-08_16:35:00 - INFO - Skipping 0/PT0 PM2-EM-PriMCU: ATR status N/A
2026-04-08_16:35:00 - INFO - Up-to-date → 0/PT0 PM2-EM-Sec54vMCU
2026-04-08_16:35:00 - INFO - Up-to-date → 0/PT0 PM2-EM-Sec5vMCU
2026-04-08_16:35:00 - INFO - Skipping 0/PT0 PM3-EM-PriMCU: ATR status N/A
2026-04-08_16:35:00 - INFO - Up-to-date → 0/PT0 PM3-EM-Sec54vMCU
2026-04-08_16:35:00 - INFO - Up-to-date → 0/PT0 PM3-EM-Sec5vMCU
2026-04-08_16:35:00 - INFO - All FPDs are up-to-date
2026-04-08_16:35:00 - INFO - 10.80.100.14: Checking Auto FPD (Cisco XR)
2026-04-08_16:35:04 - INFO - 10.80.100.14: Auto FPD already enabled in XR mode
2026-04-08_16:35:04 - INFO - [10_80_100_14_cisco_asr9006] Auto FPD enabled: OK
2026-04-08_16:35:04 - INFO - [THREAD-135273319339712] [10_80_100_14_cisco_asr9006] All pre-checks passed
2026-04-08_16:35:04 - INFO - [10_80_100_14_cisco_asr9006] ── PHASE 1 COMPLETE — starting Phase 2
2026-04-08_16:35:04 - INFO - [THREAD-135273319339712] [10_80_100_14_cisco_asr9006] Upgrade started at 2026-04-08 16:35:04.787299
2026-04-08_16:35:04 - INFO - [10_80_100_14_cisco_asr9006] run_upgrade — host=10.80.100.14, vendor=cisco, model=asr9006, curr_os=7.11.21, total_hops=3
2026-04-08_16:35:04 - DEBUG - [10_80_100_14_cisco_asr9006] Rollback chain seeded — image=asr9k-goldenk9-x64-7.11.21-BASE_SMU_V1.iso, os=7.11.21
2026-04-08_16:35:04 - INFO - [10_80_100_14_cisco_asr9006] ── Hop [0/2] ── image=asr9k-goldenk9-x64-7.6.2-BASE_SMU_V1.iso, expected_os=7.6.2
2026-04-08_16:35:04 - INFO - [10_80_100_14_cisco_asr9006] Hop [0] — image=asr9k-goldenk9-x64-7.6.2-BASE_SMU_V1.iso, expected_os=7.6.2
2026-04-08_16:35:04 - INFO - [cisco_asr9006] checkStorage — vendor: cisco
2026-04-08_16:35:04 - INFO - [cisco_asr9006] checkStorage — 16 G available
2026-04-08_16:35:04 - INFO - [cisco_asr9006] checkStorage — sufficient space: {'status': 'ok', 'deleted_files': [], 'exception': '', 'sufficient': True}
2026-04-08_16:35:04 - INFO - [10_80_100_14_cisco_asr9006] storage OK
2026-04-08_16:35:04 - INFO - 10.80.100.14: Modifying LPTS policer
2026-04-08_16:35:09 - INFO - LPTS modified successfully
2026-04-08_16:35:09 - INFO - [10_80_100_14_cisco_asr9006] Change LPTS Rate OK
2026-04-08_16:35:09 - INFO - [10.80.100.14] transferImage — asr9k-goldenk9-x64-7.6.2-BASE_SMU_V1.iso, vendor: cisco
2026-04-08_16:35:09 - INFO - [10.80.100.14] scpFile — colt@10.80.109.133:/home/colt/Documents/asr_testing/asr9006_images/asr9k-goldenk9-x64-7.6.2-BASE_SMU_V1.iso → /harddisk:
2026-04-08_16:35:21 - INFO - [10.80.100.14] scpFile — transfer complete
2026-04-08_16:35:21 - INFO - [10.80.100.14] transferImage — asr9k-goldenk9-x64-7.6.2-BASE_SMU_V1.iso transferred to /harddisk:
2026-04-08_16:35:21 - INFO - [10_80_100_14_cisco_asr9006]  transfer image OK
2026-04-08_16:35:21 - INFO - [10.80.100.14] verifyChecksum — image: asr9k-goldenk9-x64-7.6.2-BASE_SMU_V1.iso, vendor: cisco
2026-04-08_16:35:21 - INFO - 10.80.100.14: Executing 'show md5 file /harddisk:/asr9k-goldenk9-x64-7.6.2-BASE_SMU_V1.iso'
2026-04-08_16:35:26 - INFO - [10.80.100.14] verifyChecksum — match: OK
2026-04-08_16:35:26 - INFO - [10_80_100_14_cisco_asr9006]  [0] checksum OK — asr9k-goldenk9-x64-7.6.2-BASE_SMU_V1.iso
2026-04-08_16:35:26 - INFO - [cisco_asr9006] checkStorage — vendor: cisco
2026-04-08_16:35:26 - INFO - [cisco_asr9006] checkStorage — 16 G available
2026-04-08_16:35:26 - INFO - [cisco_asr9006] checkStorage — sufficient space: {'status': 'ok', 'deleted_files': [], 'exception': '', 'sufficient': True}
2026-04-08_16:35:26 - INFO - [10_80_100_14_cisco_asr9006] storage OK
2026-04-08_16:35:26 - INFO - Hostname->RP/0/RSP0/CPU0:sr6.BLB
2026-04-08_16:35:26 - INFO - Hostname does not contain OSA or TYO
2026-04-08_16:35:27 - INFO - route-policy created
2026-04-08_16:35:28 - INFO - [10_80_100_14_cisco_asr9006]:: Detected BGP ASN -> 8220
2026-04-08_16:35:28 - INFO - [10_80_100_14_cisco_asr9006]:: Starting deny-any policy for ASN 8220
2026-04-08_16:35:32 - INFO - [10_80_100_14_cisco_asr9006]:: Applied DENY-ANY policy to PEER group
2026-04-08_16:35:32 - INFO - [10_80_100_14_cisco_asr9006]:: Waiting 5 minutes for traffic drain
2026-04-08_16:40:44 - INFO - [10_80_100_14_cisco_asr9006]: ISIS overload bit set
2026-04-08_16:40:44 - INFO - [10_80_100_14_cisco_asr9006]  Overload bit Set OK
2026-04-08_16:40:44 - INFO - [10_80_100_14_cisco_asr9006]  Committed packages are provide for both XR and admin
2026-04-08_16:40:44 - INFO - [10_80_100_14_cisco_asr9006] Starting Image Upgrade 
2026-04-08_16:40:44 - INFO - [10_80_100_14_cisco_asr9006]:: [imageUpgrade] Starting — hop_index=0, target_image=asr9k-goldenk9-x64-7.6.2-BASE_SMU_V1.iso, expected_os=7.6.2
2026-04-08_16:40:44 - INFO - [10_80_100_14_cisco_asr9006]:: current version -> 
2026-04-08_16:40:44 - DEBUG - [10_80_100_14_cisco_asr9006]:: [imageUpgrade] Version check — curr=, expected=7.6.2
2026-04-08_16:40:44 - INFO - [10_80_100_14_cisco_asr9006]:: Installing device image: asr9k-goldenk9-x64-7.6.2-BASE_SMU_V1.iso
2026-04-08_17:03:15 - INFO - upgrade: 
++++++++++++++++++++++++++++++++++++++++++++++++++++++++++++++++++++++++++++++++
2026-04-08 11:13:51 Install operation 547 started by iqnet-local:
2026-04-08 11:13:51   install replace source harddisk:/asr9k-goldenk9-x64-7.6.2-BASE_SMU_V1.iso noprompt commit
2026-04-08 11:13:56 No install operation in progress at this moment
2026-04-08 11:13:56 Checking system is ready for install operation
2026-04-08 11:13:57 'install replace' in progress
2026-04-08 11:13:57 Install replace with commit option is triggered
2026-04-08 11:13:57 Label = BASE_SMU_V1
2026-04-08 11:13:57 ISO asr9k-goldenk9-x64-7.6.2-BASE_SMU_V1.iso in input package list. Going to upgrade the system to version 7.6.2.

WARNING: Commit option is used. This will auto commit the software after the install activation completes successfully.
However, if any login failures are seen after the reload, rollback would be possible with USB/PXE boot or appropriate workaround.

2026-04-08 11:14:01 Scheme : localdisk
2026-04-08 11:14:01 Hostname : localhost
2026-04-08 11:14:01 Username : None
2026-04-08 11:14:01 SourceDir : harddisk:/
2026-04-08 11:14:01 Collecting software state..
2026-04-08 11:14:01 Getting platform
2026-04-08 11:14:01 Getting supported architecture
2026-04-08 11:14:01 Getting active packages from XR
2026-04-08 11:14:02 Getting inactive packages from XR
2026-04-08 11:14:10 Getting list of RPMs in local repo
2026-04-08 11:14:10 Getting list of provides of all active packages
2026-04-08 11:14:10 Getting provides of each rpm in repo
2026-04-08 11:14:10 Getting requires of each rpm in repo
2026-04-08 11:14:11 Fetching .... asr9k-goldenk9-x64-7.6.2-BASE_SMU_V1.iso
2026-04-08 11:14:33 Adding packages 
	asr9k-goldenk9-x64-7.6.2-BASE_SMU_V1.iso
2026-04-08 11:14:33 Allocated operation ID 548 for install add
2026-04-08 11:15:02 Activating asr9k-goldenk9-x64-7.6.2-BASE_SMU_V1
2026-04-08 11:15:06 Optimized list to prepare after sanitizing input list for superseded packages:
	asr9k-goldenk9-x64-7.6.2-BASE_SMU_V1
2026-04-08 11:15:06 Package list:
2026-04-08 11:15:06 	asr9k-goldenk9-x64-7.6.2-BASE_SMU_V1
2026-04-08 11:15:06 The operation is past point-of-no-return and can no longer be stopped!
2026-04-08 11:15:06 Action 1: install prepare action started
2026-04-08 11:15:06 Triggering prepare operation.
This may take a while...
2026-04-08 11:23:19 Action 1: install prepare action completed successfully
2026-04-08 11:23:22 Prepare operation completed. Trigger activate.
This may take a while...
2026-04-08 11:23:22 Prepare completed. Operation ID 547 will be taken up for activate operation
2026-04-08 11:23:24 Activate operation ID is: 547 for 'install source' ID:547
2026-04-08 11:23:26 Install operation 547 started:
  install activate replace noprompt synchronous 
2026-04-08 11:23:27 Action 1: install activate action started
2026-04-08 11:23:28 The software will be activated with reload upgrade
2026-04-08 11:23:30 Following nodes are available for System Upgrade activate:
2026-04-08 11:23:30  0/0 0/2 0/RSP0 
2026-04-08 11:27:19 Action 1: install activate action completed successfully
2026-04-08 11:27:35 Install operation 547 finished successfully
2026-04-08 11:27:35 Ending operation 547
2026-04-08_17:03:15 - INFO - 10.80.100.14: Install command accepted, router will reload automatically
2026-04-08_17:03:15 - INFO - [10_80_100_14_cisco_asr9006] : [imageUpgrade] Install completed, initiating reboot
2026-04-08_17:03:15 - INFO - [10_80_100_14_cisco_asr9006]:: Waiting for reboot after upgrade
2026-04-08_17:03:15 - INFO - [10_80_100_14_cisco_asr9006]:: Device rebooted, waiting for SSH to come back
2026-04-08_17:03:15 - ERROR - [10_80_100_14_cisco_asr9006]:: Image upgrade failed: name 'hop_index' is not defined
Traceback (most recent call last):
  File "/home/colt/Documents/ncs_testing/cisco_testing/upgrade.py", line 259, in imageUpgrade
    conn, output = self.reconnect_and_verify(hop_index,logger)
                   ^^^^^^^^^^^^^^^^^^^^^^^^^^^^^^^^^
  File "/home/colt/Documents/ncs_testing/cisco_testing/upgrade.py", line 98, in reconnect_and_verify
    f"hop_index={hop_index}, max_retries={max_retries}, wait_time={wait_time}s"
                 ^^^^^^^^^
NameError: name 'hop_index' is not defined
2026-04-08_17:03:15 - ERROR - [10_80_100_14_cisco_asr9006] Upgrade hop [0] failed for asr9k-goldenk9-x64-7.6.2-BASE_SMU_V1.iso
2026-04-08_17:03:15 - INFO - [10_80_100_14_cisco_asr9006] Triggering rollback...
2026-04-08_17:03:15 - DEBUG - [10_80_100_14_cisco_asr9006] Rollback chain at failure: ['asr9k-goldenk9-x64-7.11.21-BASE_SMU_V1.iso']
2026-04-08_17:03:15 - ERROR - [10_80_100_14_cisco_asr9006] Phase 2 FAILED — stopping device
2026-04-08_17:03:15 - INFO - [10_80_100_14_cisco_asr9006] HTML report exported
2026-04-08_17:03:15 - INFO - Logout successful from 10.80.100.14
2026-04-08_17:03:15 - INFO - [10_80_100_14_cisco_asr9006] Disconnected from 10.80.100.14
2026-04-08_17:03:15 - INFO - [THREAD-135273319339712] [10_80_100_14_cisco_asr9006] Pipeline finished at 2026-04-08 17:03:15.647175
