2026-04-08_19:43:08 - INFO - [THREAD-130175598601920] [10_80_109_249_cisco_ncs5501] Pipeline started at 2026-04-08 19:43:08.086686
2026-04-08_19:43:08 - INFO - [10_80_109_249_cisco_ncs5501] Connecting to 10.80.109.249
2026-04-08_19:43:08 - INFO - Connecting to 10.80.109.249 using Netmiko...
2026-04-08_19:43:09 - INFO - Login successful to 10.80.109.249
2026-04-08_19:43:09 - INFO - [10_80_109_249_cisco_ncs5501] Connected successfully to 10.80.109.249
2026-04-08_19:43:09 - INFO - [10_80_109_249_cisco_ncs5501] Connected to 10.80.109.249
2026-04-08_19:43:09 - INFO - [10_80_109_249_cisco_ncs5501] ── PHASE 1 PRE-CHECKS starting
2026-04-08_19:43:09 - INFO - models: [{'asr9k': ['asr9901', 'asr9006']}, {'ncs': ['ncs5501']}, {'single_re_junos': ['mx204']}, {'double_re_junos': ['mx240', 'mx480']}] and type: <class 'list'>
2026-04-08_19:43:09 - INFO - [THREAD-130175598601920] [10_80_109_249_cisco_ncs5501] Prechecks started at 2026-04-08 19:43:09.121391
2026-04-08_19:43:09 - INFO - [10_80_109_249_cisco_ncs5501] : Validating the device input file
2026-04-08_19:43:09 - INFO - [10_80_109_249_cisco_ncs5501] : Dictionary input validated successfully 
2026-04-08_19:43:09 - INFO - [10_80_109_249_cisco_ncs5501] Executing show commands
2026-04-08_19:43:09 - INFO - [load_commands] Loaded 21 commands for 'cisco_ncs5501'
2026-04-08_19:43:09 - INFO - [10_80_109_249_cisco_ncs5501] collect_outputs — 21 command(s), check_type=pre
2026-04-08_19:43:09 - INFO - [10_80_109_249_cisco_ncs5501] Sending: 'show version'
2026-04-08_19:43:09 - INFO - [10_80_109_249_cisco_ncs5501] 'show version' collected=True (443 chars)
2026-04-08_19:43:09 - INFO - [10_80_109_249_cisco_ncs5501] Sending: 'show inventory'
2026-04-08_19:43:10 - INFO - [10_80_109_249_cisco_ncs5501] 'show inventory' collected=True (1376 chars)
2026-04-08_19:43:10 - INFO - [10_80_109_249_cisco_ncs5501] Sending: 'show platform'
2026-04-08_19:43:10 - INFO - [10_80_109_249_cisco_ncs5501] 'show platform' collected=True (593 chars)
2026-04-08_19:43:10 - INFO - [10_80_109_249_cisco_ncs5501] Sending: 'show install active summary'
2026-04-08_19:43:12 - INFO - [10_80_109_249_cisco_ncs5501] 'show install active summary' collected=True (537 chars)
2026-04-08_19:43:12 - INFO - [10_80_109_249_cisco_ncs5501] Sending: 'show install committed summary'
2026-04-08_19:43:13 - INFO - [10_80_109_249_cisco_ncs5501] 'show install committed summary' collected=True (540 chars)
2026-04-08_19:43:13 - INFO - [10_80_109_249_cisco_ncs5501] Sending: 'show media'
2026-04-08_19:43:14 - INFO - [10_80_109_249_cisco_ncs5501] 'show media' collected=True (620 chars)
2026-04-08_19:43:14 - INFO - [10_80_109_249_cisco_ncs5501] Sending: 'show hw-module fpd'
2026-04-08_19:43:15 - INFO - [10_80_109_249_cisco_ncs5501] 'show hw-module fpd' collected=True (767 chars)
2026-04-08_19:43:15 - INFO - [10_80_109_249_cisco_ncs5501] Sending: 'show route summary'
2026-04-08_19:43:15 - INFO - [10_80_109_249_cisco_ncs5501] 'show route summary' collected=True (828 chars)
2026-04-08_19:43:15 - INFO - [10_80_109_249_cisco_ncs5501] Sending: 'show watchdog memory-state location all'
2026-04-08_19:43:16 - INFO - [10_80_109_249_cisco_ncs5501] 'show watchdog memory-state location all' collected=True (303 chars)
2026-04-08_19:43:16 - INFO - [10_80_109_249_cisco_ncs5501] Sending: 'show controllers npu resources all location all'
2026-04-08_19:43:16 - INFO - [10_80_109_249_cisco_ncs5501] 'show controllers npu resources all location all' collected=True (17539 chars)
2026-04-08_19:43:16 - INFO - [10_80_109_249_cisco_ncs5501] Sending: 'show ipv4 vrf all interface brief'
2026-04-08_19:43:17 - INFO - [10_80_109_249_cisco_ncs5501] 'show ipv4 vrf all interface brief' collected=True (4806 chars)
2026-04-08_19:43:17 - INFO - [10_80_109_249_cisco_ncs5501] Sending: 'show bgp l2vpn evpn summary'
2026-04-08_19:43:18 - INFO - [10_80_109_249_cisco_ncs5501] 'show bgp l2vpn evpn summary' collected=True (63 chars)
2026-04-08_19:43:18 - INFO - [10_80_109_249_cisco_ncs5501] Sending: 'show isis adjacency'
2026-04-08_19:43:18 - INFO - [10_80_109_249_cisco_ncs5501] 'show isis adjacency' collected=True (768 chars)
2026-04-08_19:43:18 - INFO - [10_80_109_249_cisco_ncs5501] Sending: 'show mpls forwarding summary'
2026-04-08_19:43:19 - INFO - [10_80_109_249_cisco_ncs5501] 'show mpls forwarding summary' collected=True (630 chars)
2026-04-08_19:43:19 - INFO - [10_80_109_249_cisco_ncs5501] Sending: 'show bfd session detail'
2026-04-08_19:43:19 - INFO - [10_80_109_249_cisco_ncs5501] 'show bfd session detail' collected=True (27 chars)
2026-04-08_19:43:19 - INFO - [10_80_109_249_cisco_ncs5501] Sending: 'show l2vpn xconnect summary'
2026-04-08_19:43:20 - INFO - [10_80_109_249_cisco_ncs5501] 'show l2vpn xconnect summary' collected=True (662 chars)
2026-04-08_19:43:20 - INFO - [10_80_109_249_cisco_ncs5501] Sending: 'show lldp neighbors'
2026-04-08_19:43:20 - INFO - [10_80_109_249_cisco_ncs5501] 'show lldp neighbors' collected=True (652 chars)
2026-04-08_19:43:20 - INFO - [10_80_109_249_cisco_ncs5501] Sending: 'show interface description'
2026-04-08_19:43:21 - INFO - [10_80_109_249_cisco_ncs5501] 'show interface description' collected=True (2941 chars)
2026-04-08_19:43:21 - INFO - [10_80_109_249_cisco_ncs5501] Sending: 'show proc cpu'
2026-04-08_19:43:22 - INFO - [10_80_109_249_cisco_ncs5501] 'show proc cpu' collected=True (14997 chars)
2026-04-08_19:43:22 - INFO - [10_80_109_249_cisco_ncs5501] Sending: 'sh l2vpn flexible-xconnect-service'
2026-04-08_19:43:22 - INFO - [10_80_109_249_cisco_ncs5501] 'sh l2vpn flexible-xconnect-service' collected=True (27 chars)
2026-04-08_19:43:22 - INFO - [10_80_109_249_cisco_ncs5501] Sending: 'show  bgp  l2vpn  evpn advertised'
2026-04-08_19:43:23 - INFO - [10_80_109_249_cisco_ncs5501] 'show  bgp  l2vpn  evpn advertised' collected=True (63 chars)
2026-04-08_19:43:23 - INFO - [10_80_109_249_cisco_ncs5501] collect_outputs done — 21 entries stored
2026-04-08_19:43:23 - INFO - [10_80_109_249_cisco_ncs5501] execute_show_commands OK
2026-04-08_19:43:23 - INFO - [10_80_109_249_cisco_ncs5501] get_show_version — phase=pre, sending 'show version'
2026-04-08_19:43:23 - INFO - [10_80_109_249_cisco_ncs5501] [pre] show_version parsed — hostname=  model=  version=7.11.2
2026-04-08_19:43:23 - INFO - [10.80.109.249] preBackup — vendor: cisco
2026-04-08_19:43:30 - INFO - [10_80_109_249_cisco_ncs5501] backup config OK
2026-04-08_19:43:30 - INFO - Starting Cisco FPD version verification...
2026-04-08_19:43:30 - INFO - Up-to-date → 0/RP0 MB-MIFPGA
2026-04-08_19:43:30 - INFO - Up-to-date → 0/RP0 Bootloader
2026-04-08_19:43:30 - INFO - Up-to-date → 0/RP0 CPU-IOFPGA
2026-04-08_19:43:30 - INFO - Up-to-date → 0/RP0 MB-IOFPGA
2026-04-08_19:43:30 - INFO - All FPDs are up-to-date
2026-04-08_19:43:30 - INFO - 10.80.109.249: Checking Auto FPD (Cisco XR)
2026-04-08_19:43:31 - INFO - 10.80.109.249: Auto FPD already enabled in XR mode
2026-04-08_19:43:31 - INFO - [10_80_109_249_cisco_ncs5501] Auto FPD enabled: OK
2026-04-08_19:43:31 - INFO - [THREAD-130175598601920] [10_80_109_249_cisco_ncs5501] All pre-checks passed
2026-04-08_19:43:31 - INFO - [10_80_109_249_cisco_ncs5501] ── PHASE 1 COMPLETE — starting Phase 2
2026-04-08_19:43:31 - INFO - [THREAD-130175598601920] [10_80_109_249_cisco_ncs5501] Upgrade started at 2026-04-08 19:43:31.014617
2026-04-08_19:43:31 - INFO - [10_80_109_249_cisco_ncs5501] run_upgrade — host=10.80.109.249, vendor=cisco, model=ncs5501, curr_os=7.11.2, total_hops=3
2026-04-08_19:43:31 - DEBUG - [10_80_109_249_cisco_ncs5501] Rollback chain seeded — image=ncs5500-goldenk9-x-7.11.2-NCS5501_7112.iso, os=7.11.2
2026-04-08_19:43:31 - INFO - Intermediate release is there. Checking the intermediate image details has been provided or not
2026-04-08_19:43:31 - INFO - [10_80_109_249_cisco_ncs5501]: Intermediate image details are provided. 
2026-04-08_19:43:31 - INFO - [10_80_109_249_cisco_ncs5501] ── Hop [0/2] ── image=ncs5500-goldenk9-x-7.7.2-NCS5501_772.iso, expected_os=7.7.2
2026-04-08_19:43:31 - INFO - [10_80_109_249_cisco_ncs5501] Hop [0] — image=ncs5500-goldenk9-x-7.7.2-NCS5501_772.iso, expected_os=7.7.2
2026-04-08_19:43:31 - INFO - [cisco_ncs5501] checkStorage — vendor: cisco
2026-04-08_19:43:31 - INFO - [cisco_ncs5501] checkStorage — 5.3 G available
2026-04-08_19:43:31 - INFO - [cisco_ncs5501] checkStorage — sufficient space: {'status': 'ok', 'deleted_files': [], 'exception': '', 'sufficient': True}
2026-04-08_19:43:31 - INFO - [10_80_109_249_cisco_ncs5501] storage OK
2026-04-08_19:43:31 - INFO - 10.80.109.249: Modifying LPTS policer
2026-04-08_19:43:35 - INFO - LPTS modified successfully
2026-04-08_19:43:35 - INFO - [10_80_109_249_cisco_ncs5501] Change LPTS Rate OK
2026-04-08_19:43:35 - INFO - [10.80.109.249] transferImage — ncs5500-goldenk9-x-7.7.2-NCS5501_772.iso, vendor: cisco
2026-04-08_19:43:35 - INFO - [10.80.109.249] scpFile — colt@10.80.109.133:/home/colt/backup/gimages/ncs5500-goldenk9-x-7.7.2-NCS5501_772.iso → /misc/disk1/
2026-04-08_19:44:55 - INFO - [10.80.109.249] scpFile — transfer complete
2026-04-08_19:44:55 - INFO - [10.80.109.249] transferImage — ncs5500-goldenk9-x-7.7.2-NCS5501_772.iso transferred to /misc/disk1/
2026-04-08_19:44:55 - INFO - [10_80_109_249_cisco_ncs5501]  transfer image OK
2026-04-08_19:44:55 - INFO - [10.80.109.249] verifyChecksum — image: ncs5500-goldenk9-x-7.7.2-NCS5501_772.iso, vendor: cisco
2026-04-08_19:44:55 - INFO - 10.80.109.249: Executing 'show md5 file /harddisk:/ncs5500-goldenk9-x-7.7.2-NCS5501_772.iso'
